{"C:\\Users\\ADE FAVOUR\\Desktop\\Abimbola\\Microverse\\Program\\module-2\\To-Do-List-Project\\src\\modules\\add-task.js": {"path":"C:\\Users\\ADE FAVOUR\\Desktop\\Abimbola\\Microverse\\Program\\module-2\\To-Do-List-Project\\src\\modules\\add-task.js","statementMap":{"0":{"start":{"line":3,"column":19},"end":{"line":11,"column":1}},"1":{"start":{"line":4,"column":19},"end":{"line":8,"column":3}},"2":{"start":{"line":10,"column":2},"end":{"line":10,"column":26}}},"fnMap":{"0":{"name":"(anonymous_0)","decl":{"start":{"line":3,"column":19},"end":{"line":3,"column":20}},"loc":{"start":{"line":3,"column":32},"end":{"line":11,"column":1}},"line":3}},"branchMap":{},"s":{"0":1,"1":3,"2":3},"f":{"0":3},"b":{},"_coverageSchema":"1a1c01bbd47fc00a2c39e90264f33305004495a9","hash":"1a5dc00a758477790d5c66b1592637232e2f08c8"}
,"C:\\Users\\ADE FAVOUR\\Desktop\\Abimbola\\Microverse\\Program\\module-2\\To-Do-List-Project\\src\\modules\\remove-task.js": {"path":"C:\\Users\\ADE FAVOUR\\Desktop\\Abimbola\\Microverse\\Program\\module-2\\To-Do-List-Project\\src\\modules\\remove-task.js","statementMap":{"0":{"start":{"line":3,"column":19},"end":{"line":5,"column":1}},"1":{"start":{"line":4,"column":2},"end":{"line":4,"column":31}}},"fnMap":{"0":{"name":"(anonymous_0)","decl":{"start":{"line":3,"column":19},"end":{"line":3,"column":20}},"loc":{"start":{"line":3,"column":30},"end":{"line":5,"column":1}},"line":3}},"branchMap":{},"s":{"0":1,"1":1},"f":{"0":1},"b":{},"_coverageSchema":"1a1c01bbd47fc00a2c39e90264f33305004495a9","hash":"b9308f949d2ebacf82040bbc34b3446382be361e"}
,"C:\\Users\\ADE FAVOUR\\Desktop\\Abimbola\\Microverse\\Program\\module-2\\To-Do-List-Project\\src\\modules\\storage.js": {"path":"C:\\Users\\ADE FAVOUR\\Desktop\\Abimbola\\Microverse\\Program\\module-2\\To-Do-List-Project\\src\\modules\\storage.js","statementMap":{"0":{"start":{"line":1,"column":17},"end":{"line":1,"column":63}},"1":{"start":{"line":3,"column":24},"end":{"line":5,"column":1}},"2":{"start":{"line":4,"column":2},"end":{"line":4,"column":54}}},"fnMap":{"0":{"name":"(anonymous_0)","decl":{"start":{"line":3,"column":24},"end":{"line":3,"column":25}},"loc":{"start":{"line":3,"column":35},"end":{"line":5,"column":1}},"line":3}},"branchMap":{"0":{"loc":{"start":{"line":1,"column":17},"end":{"line":1,"column":63}},"type":"binary-expr","locations":[{"start":{"line":1,"column":17},"end":{"line":1,"column":57}},{"start":{"line":1,"column":61},"end":{"line":1,"column":63}}],"line":1}},"s":{"0":1,"1":1,"2":0},"f":{"0":0},"b":{"0":[1,1]},"_coverageSchema":"1a1c01bbd47fc00a2c39e90264f33305004495a9","hash":"95adb8a285127f6a58358d59d949e973555b3d83"}
}
